#
# There is insufficient memory for the Java Runtime Environment to continue.
# Native memory allocation (mmap) failed to map 134217728 bytes for Failed to commit area from 0x0000000081c00000 to 0x0000000089c00000 of length 134217728.
# Possible reasons:
#   The system is out of physical RAM or swap space
#   The process is running with CompressedOops enabled, and the Java Heap may be blocking the growth of the native heap
# Possible solutions:
#   Reduce memory load on the system
#   Increase physical memory or swap space
#   Check if swap backing store is full
#   Decrease Java heap size (-Xmx/-Xms)
#   Decrease number of Java threads
#   Decrease Java thread stack sizes (-Xss)
#   Set larger code cache with -XX:ReservedCodeCacheSize=
# This output file may be truncated or incomplete.
#
#  Out of Memory Error (t:/workspace/open/src/hotspot/os/windows/os_windows.cpp:3271), pid=10172, tid=8488
#
# JRE version:  (11.0.6+8) (build )
# Java VM: Java HotSpot(TM) 64-Bit Server VM (11.0.6+8-LTS, mixed mode, sharing, tiered, compressed oops, g1 gc, windows-amd64)
# No core dump will be written. Minidumps are not enabled by default on client versions of Windows
#

---------------  S U M M A R Y ------------

Command Line: -javaagent:C:\Program Files\JetBrains\IntelliJ IDEA\lib\idea_rt.jar=64638:C:\Program Files\JetBrains\IntelliJ IDEA\bin -Dfile.encoding=UTF-8 ReadCSVExample1

Host: Intel(R) Core(TM) i5-2520M CPU @ 2.50GHz, 4 cores, 7G,  Windows 10 , 64 bit Build 19041 (10.0.19041.662)
Time: Mon Mar  1 11:29:06 2021 Œrodkowoeuropejski czas stand. elapsed time: 0 seconds (0d 0h 0m 0s)

---------------  T H R E A D  ---------------

Current thread (0x000001fc2f5f3000):  JavaThread "Unknown thread" [_thread_in_vm, id=8488, stack(0x0000007254b00000,0x0000007254c00000)]

Stack: [0x0000007254b00000,0x0000007254c00000]
Native frames: (J=compiled Java code, j=interpreted, Vv=VM code, C=native code)
V  [jvm.dll+0x63679a]
V  [jvm.dll+0x7755bf]
V  [jvm.dll+0x776c65]
V  [jvm.dll+0x7772d3]
V  [jvm.dll+0x25e7f8]
V  [jvm.dll+0x633c4a]
V  [jvm.dll+0x628625]
V  [jvm.dll+0x314a7c]
V  [jvm.dll+0x314902]
V  [jvm.dll+0x31a176]
V  [jvm.dll+0x36650f]
V  [jvm.dll+0x365f30]
V  [jvm.dll+0x2f1a78]
V  [jvm.dll+0x2f2bf6]
V  [jvm.dll+0x74e707]
V  [jvm.dll+0x74fe7f]
V  [jvm.dll+0x373349]
V  [jvm.dll+0x734e5e]
V  [jvm.dll+0x3e2b5d]
V  [jvm.dll+0x3e4ef1]
C  [java.exe+0x3607]
C  [java.exe+0x178dc]
C  [KERNEL32.DLL+0x17034]
C  [ntdll.dll+0x4d0d1]


---------------  P R O C E S S  ---------------

Threads class SMR info:
_java_thread_list=0x000001fc2dd5efa0, length=0, elements={
}

Java Threads: ( => current thread )

Other Threads:
  0x000001fc2f60a800 GCTaskThread "GC Thread#0" [stack: 0x0000007254c00000,0x0000007254d00000] [id=16140]
  0x000001fc2f63b800 ConcurrentGCThread "G1 Main Marker" [stack: 0x0000007254d00000,0x0000007254e00000] [id=10920]
  0x000001fc2f63d000 ConcurrentGCThread "G1 Conc#0" [stack: 0x0000007254e00000,0x0000007254f00000] [id=16020]

[error occurred during error reporting (printing all threads), id 0xc0000005, EXCEPTION_ACCESS_VIOLATION (0xc0000005) at pc=0x00007ffc21ea0207]

VM state:not at safepoint (not fully initialized)

VM Mutex/Monitor currently owned by a thread:  ([mutex/lock_event])
[0x000001fc2f5f1fc0] Heap_lock - owner thread: 0x000001fc2f5f3000

Heap address: 0x0000000081c00000, size: 2020 MB, Compressed Oops mode: Non-zero based: 0x0000000081c00000
Narrow klass base: 0x0000000000000000, Narrow klass shift: 0

GC Heap History (0 events):
No events

Deoptimization events (0 events):
No events

Classes redefined (0 events):
No events

Internal exceptions (0 events):
No events

Events (0 events):
No events


Dynamic libraries:
0x00007ff635010000 - 0x00007ff635057000 	C:\Program Files\Java\jdk-11.0.6\bin\java.exe
0x00007ffc55ff0000 - 0x00007ffc561e6000 	C:\WINDOWS\SYSTEM32\ntdll.dll
0x00007ffc558a0000 - 0x00007ffc5595d000 	C:\WINDOWS\System32\KERNEL32.DLL
0x00007ffc53c40000 - 0x00007ffc53f09000 	C:\WINDOWS\System32\KERNELBASE.dll
0x00007ffc55f00000 - 0x00007ffc55fac000 	C:\WINDOWS\System32\ADVAPI32.dll
0x00007ffc55d00000 - 0x00007ffc55d9e000 	C:\WINDOWS\System32\msvcrt.dll
0x00007ffc54b40000 - 0x00007ffc54bdc000 	C:\WINDOWS\System32\sechost.dll
0x00007ffc55dd0000 - 0x00007ffc55efb000 	C:\WINDOWS\System32\RPCRT4.dll
0x00007ffc55390000 - 0x00007ffc55530000 	C:\WINDOWS\System32\USER32.dll
0x00007ffc54020000 - 0x00007ffc54042000 	C:\WINDOWS\System32\win32u.dll
0x00007ffc55c20000 - 0x00007ffc55c4a000 	C:\WINDOWS\System32\GDI32.dll
0x00007ffc53f10000 - 0x00007ffc5401b000 	C:\WINDOWS\System32\gdi32full.dll
0x00007ffc53af0000 - 0x00007ffc53b8d000 	C:\WINDOWS\System32\msvcp_win.dll
0x00007ffc53890000 - 0x00007ffc53990000 	C:\WINDOWS\System32\ucrtbase.dll
0x00007ffc40790000 - 0x00007ffc40a2b000 	C:\WINDOWS\WinSxS\amd64_microsoft.windows.common-controls_6595b64144ccf1df_6.0.19041.746_none_ca02b4b61b8320a4\COMCTL32.dll
0x00007ffc43f80000 - 0x00007ffc43f8a000 	C:\WINDOWS\SYSTEM32\VERSION.dll
0x00007ffc54560000 - 0x00007ffc54590000 	C:\WINDOWS\System32\IMM32.DLL
0x00007ffc4e810000 - 0x00007ffc4e826000 	C:\Program Files\Java\jdk-11.0.6\bin\vcruntime140.dll
0x00007ffc4df10000 - 0x00007ffc4dfba000 	C:\Program Files\Java\jdk-11.0.6\bin\msvcp140.dll
0x00007ffc21ba0000 - 0x00007ffc226c9000 	C:\Program Files\Java\jdk-11.0.6\bin\server\jvm.dll
0x00007ffc55890000 - 0x00007ffc55898000 	C:\WINDOWS\System32\PSAPI.DLL
0x00007ffc42c10000 - 0x00007ffc42c37000 	C:\WINDOWS\SYSTEM32\WINMM.dll
0x00007ffc4dd60000 - 0x00007ffc4dd69000 	C:\WINDOWS\SYSTEM32\WSOCK32.dll
0x00007ffc55a40000 - 0x00007ffc55aab000 	C:\WINDOWS\System32\WS2_32.dll
0x00007ffc52020000 - 0x00007ffc52032000 	C:\WINDOWS\SYSTEM32\kernel.appcore.dll
0x00007ffc4e540000 - 0x00007ffc4e551000 	C:\Program Files\Java\jdk-11.0.6\bin\verify.dll
0x00007ffc4ae80000 - 0x00007ffc4b064000 	C:\WINDOWS\SYSTEM32\DBGHELP.DLL
0x00007ffc4b0d0000 - 0x00007ffc4b0fc000 	C:\WINDOWS\SYSTEM32\dbgcore.DLL
0x00007ffc53a70000 - 0x00007ffc53af0000 	C:\WINDOWS\System32\bcryptPrimitives.dll
0x00007ffc4e510000 - 0x00007ffc4e539000 	C:\Program Files\Java\jdk-11.0.6\bin\java.dll
0x00007ffc4c1f0000 - 0x00007ffc4c21f000 	C:\Program Files\Java\jdk-11.0.6\bin\instrument.dll
0x00007ffc4e3d0000 - 0x00007ffc4e3e6000 	C:\Program Files\Java\jdk-11.0.6\bin\zip.dll
0x00007ffc4e3c0000 - 0x00007ffc4e3ca000 	C:\Program Files\Java\jdk-11.0.6\bin\jimage.dll

dbghelp: loaded successfully - version: 4.0.5 - missing functions: none
symbol engine: initialized successfully - sym options: 0x614 - pdb path: .;C:\Program Files\Java\jdk-11.0.6\bin;C:\WINDOWS\SYSTEM32;C:\WINDOWS\WinSxS\amd64_microsoft.windows.common-controls_6595b64144ccf1df_6.0.19041.746_none_ca02b4b61b8320a4;C:\Program Files\Java\jdk-11.0.6\bin\server

VM Arguments:
jvm_args: -javaagent:C:\Program Files\JetBrains\IntelliJ IDEA\lib\idea_rt.jar=64638:C:\Program Files\JetBrains\IntelliJ IDEA\bin -Dfile.encoding=UTF-8 
java_command: ReadCSVExample1
java_class_path (initial): C:\Program Files\Java\jdk-11.0.6\courserajava.jar;E:\Informatyka\Java\Projects\Geolog\Drill_Rep_Parameter\out\production\Drill_Rep_Parameter
Launcher Type: SUN_STANDARD

[Global flags]
     intx CICompilerCount                          = 3                                         {product} {ergonomic}
     uint ConcGCThreads                            = 1                                         {product} {ergonomic}
     uint G1ConcRefinementThreads                  = 4                                         {product} {ergonomic}
   size_t G1HeapRegionSize                         = 1048576                                   {product} {ergonomic}
    uintx GCDrainStackTargetSize                   = 64                                        {product} {ergonomic}
   size_t InitialHeapSize                          = 134217728                                 {product} {ergonomic}
   size_t MarkStackSize                            = 4194304                                   {product} {ergonomic}
   size_t MaxHeapSize                              = 2118123520                                {product} {ergonomic}
   size_t MinHeapDeltaBytes                        = 1048576                                   {product} {ergonomic}
    uintx NonNMethodCodeHeapSize                   = 5830732                                {pd product} {ergonomic}
    uintx NonProfiledCodeHeapSize                  = 122913754                              {pd product} {ergonomic}
    uintx ProfiledCodeHeapSize                     = 122913754                              {pd product} {ergonomic}
    uintx ReservedCodeCacheSize                    = 251658240                              {pd product} {ergonomic}
     bool SegmentedCodeCache                       = true                                      {product} {ergonomic}
     bool UseCompressedClassPointers               = true                                 {lp64_product} {ergonomic}
     bool UseCompressedOops                        = true                                 {lp64_product} {ergonomic}
     bool UseG1GC                                  = true                                      {product} {ergonomic}
     bool UseLargePagesIndividualAllocation        = false                                  {pd product} {ergonomic}

Logging:
Log output configuration:
 #0: stdout all=warning uptime,level,tags
 #1: stderr all=off uptime,level,tags

Environment Variables:
PATH=C:\Program Files (x86)\Common Files\Oracle\Java\javapath;C:\WINDOWS\system32;C:\WINDOWS;C:\WINDOWS\System32\Wbem;C:\WINDOWS\System32\WindowsPowerShell\v1.0\;C:\WINDOWS\System32\OpenSSH\;C:\Program Files\Java\jdk-11.0.6\bin;C:\Program Files\Git\cmd;C:\Program Files\TortoiseGit\bin;C:\Users\CEM\AppData\Local\Programs\Python\Python39-32\Scripts\;C:\Users\CEM\AppData\Local\Programs\Python\Python39-32\;C:\Users\CEM\AppData\Local\Microsoft\WindowsApps;C:\Users\CEM\AppData\Local\Programs\MiKTeX 2.9\miktex\bin\x64\;
USERNAME=CEM
OS=Windows_NT
PROCESSOR_IDENTIFIER=Intel64 Family 6 Model 42 Stepping 7, GenuineIntel



---------------  S Y S T E M  ---------------

OS: Windows 10 , 64 bit Build 19041 (10.0.19041.662)

CPU:total 4 (initial active 4) (2 cores per cpu, 2 threads per core) family 6 model 42 stepping 7, cmov, cx8, fxsr, mmx, sse, sse2, sse3, ssse3, sse4.1, sse4.2, popcnt, avx, aes, clmul, ht, tsc, tscinvbit

Memory: 4k page, system-wide physical 8075M (1491M free)
TotalPageFile size 8075M (AvailPageFile size 126M)
current process WorkingSet (physical memory assigned to process): 10M, peak: 10M
current process commit charge ("private bytes"): 51M, peak: 179M

vm_info: Java HotSpot(TM) 64-Bit Server VM (11.0.6+8-LTS) for windows-amd64 JRE (11.0.6+8-LTS), built on Dec 11 2019 09:17:57 by "mach5one" with MS VC++ 15.5 (VS2017)

END.
